

================================================================
== Vitis HLS Report for 'cordiccart2pol'
================================================================
* Date:           Mon Oct 20 19:47:30 2025

* Version:        2024.2.2 (Build 6049644 on Mar  5 2025)
* Project:        cordiccart2pol.comp
* Solution:       hls (Vivado IP Flow Target)
* Product family: zynq
* Target device:  xc7z020-clg400-1


================================================================
== Performance Estimates
================================================================
+ Timing: 
    * Summary: 
    +--------+----------+----------+------------+
    |  Clock |  Target  | Estimated| Uncertainty|
    +--------+----------+----------+------------+
    |ap_clk  |  10.00 ns|  5.225 ns|     2.70 ns|
    +--------+----------+----------+------------+

+ Latency: 
    * Summary: 
    +---------+---------+-----------+-----------+-----+-----+---------+
    |  Latency (cycles) |   Latency (absolute)  |  Interval | Pipeline|
    |   min   |   max   |    min    |    max    | min | max |   Type  |
    +---------+---------+-----------+-----------+-----+-----+---------+
    |        1|        1|  10.000 ns|  10.000 ns|    2|    2|       no|
    +---------+---------+-----------+-----------+-----+-----+---------+

    + Detail: 
        * Instance: 
        N/A

        * Loop: 
        N/A



================================================================
== Utilization Estimates
================================================================
* Summary: 
+-----------------+---------+-----+--------+-------+-----+
|       Name      | BRAM_18K| DSP |   FF   |  LUT  | URAM|
+-----------------+---------+-----+--------+-------+-----+
|DSP              |        -|    -|       -|      -|    -|
|Expression       |        -|    -|       0|     34|    -|
|FIFO             |        -|    -|       -|      -|    -|
|Instance         |        -|    -|       -|      -|    -|
|Memory           |       13|    -|       0|      0|    -|
|Multiplexer      |        -|    -|       0|     14|    -|
|Register         |        -|    -|       2|      -|    -|
+-----------------+---------+-----+--------+-------+-----+
|Total            |       13|    0|       2|     48|    0|
+-----------------+---------+-----+--------+-------+-----+
|Available        |      280|  220|  106400|  53200|    0|
+-----------------+---------+-----+--------+-------+-----+
|Utilization (%)  |        4|    0|      ~0|     ~0|    0|
+-----------------+---------+-----+--------+-------+-----+

+ Detail: 
    * Instance: 
    N/A

    * DSP: 
    N/A

    * Memory: 
    +-------------+-----------------------+---------+---+----+-----+-------+-----+------+-------------+
    |    Memory   |         Module        | BRAM_18K| FF| LUT| URAM| Words | Bits| Banks| W*Bits*Banks|
    +-------------+-----------------------+---------+---+----+-----+-------+-----+------+-------------+
    |my_LUT_r_U   |my_LUT_r_ROM_AUTO_1R   |        6|  0|   0|    0|  16384|    6|     1|        98304|
    |my_LUT_th_U  |my_LUT_th_ROM_AUTO_1R  |        7|  0|   0|    0|  16384|    7|     1|       114688|
    +-------------+-----------------------+---------+---+----+-----+-------+-----+------+-------------+
    |Total        |                       |       13|  0|   0|    0|  32768|   13|     2|       212992|
    +-------------+-----------------------+---------+---+----+-----+-------+-----+------+-------------+

    * FIFO: 
    N/A

    * Expression: 
    +----------------------+----------+----+---+----+------------+------------+
    |     Variable Name    | Operation| DSP| FF| LUT| Bitwidth P0| Bitwidth P1|
    +----------------------+----------+----+---+----+------------+------------+
    |and_ln43_1_fu_137_p2  |       and|   0|  0|   2|           1|           1|
    |and_ln43_fu_131_p2    |       and|   0|  0|   2|           1|           1|
    |and_ln44_1_fu_211_p2  |       and|   0|  0|   2|           1|           1|
    |and_ln44_fu_205_p2    |       and|   0|  0|   2|           1|           1|
    |or_ln43_fu_143_p2     |        or|   0|  0|   2|           1|           1|
    |or_ln44_fu_217_p2     |        or|   0|  0|   2|           1|           1|
    |fixed_x_2_fu_169_p3   |    select|   0|  0|   7|           1|           7|
    |fixed_y_2_fu_243_p3   |    select|   0|  0|   7|           1|           7|
    |xor_ln43_1_fu_163_p2  |       xor|   0|  0|   2|           1|           1|
    |xor_ln43_fu_125_p2    |       xor|   0|  0|   2|           1|           2|
    |xor_ln44_1_fu_237_p2  |       xor|   0|  0|   2|           1|           1|
    |xor_ln44_fu_199_p2    |       xor|   0|  0|   2|           1|           2|
    +----------------------+----------+----+---+----+------------+------------+
    |Total                 |          |   0|  0|  34|          12|          26|
    +----------------------+----------+----+---+----+------------+------------+

    * Multiplexer: 
    +-----------+----+-----------+-----+-----------+
    |    Name   | LUT| Input Size| Bits| Total Bits|
    +-----------+----+-----------+-----+-----------+
    |ap_NS_fsm  |  14|          3|    1|          3|
    +-----------+----+-----------+-----+-----------+
    |Total      |  14|          3|    1|          3|
    +-----------+----+-----------+-----+-----------+

    * Register: 
    +-----------+---+----+-----+-----------+
    |    Name   | FF| LUT| Bits| Const Bits|
    +-----------+---+----+-----+-----------+
    |ap_CS_fsm  |  2|   0|    2|          0|
    +-----------+---+----+-----+-----------+
    |Total      |  2|   0|    2|          0|
    +-----------+---+----+-----+-----------+



================================================================
== Interface
================================================================
* Summary: 
+--------------+-----+-----+------------+----------------+--------------+
|   RTL Ports  | Dir | Bits|  Protocol  |  Source Object |    C Type    |
+--------------+-----+-----+------------+----------------+--------------+
|ap_clk        |   in|    1|  ap_ctrl_hs|  cordiccart2pol|  return value|
|ap_rst        |   in|    1|  ap_ctrl_hs|  cordiccart2pol|  return value|
|ap_start      |   in|    1|  ap_ctrl_hs|  cordiccart2pol|  return value|
|ap_done       |  out|    1|  ap_ctrl_hs|  cordiccart2pol|  return value|
|ap_idle       |  out|    1|  ap_ctrl_hs|  cordiccart2pol|  return value|
|ap_ready      |  out|    1|  ap_ctrl_hs|  cordiccart2pol|  return value|
|x             |   in|    7|     ap_none|               x|        scalar|
|y             |   in|    7|     ap_none|               y|        scalar|
|r             |  out|    7|      ap_vld|               r|       pointer|
|r_ap_vld      |  out|    1|      ap_vld|               r|       pointer|
|theta         |  out|    7|      ap_vld|           theta|       pointer|
|theta_ap_vld  |  out|    1|      ap_vld|           theta|       pointer|
+--------------+-----+-----+------------+----------------+--------------+

