

================================================================
== Vitis HLS Report for 'fir'
================================================================
* Date:           Mon Oct  6 20:19:26 2025

* Version:        2024.2.2 (Build 6049644 on Mar  5 2025)
* Project:        fir.comp
* Solution:       hls (Vivado IP Flow Target)
* Product family: zynq
* Target device:  xc7z020-clg400-1


================================================================
== Performance Estimates
================================================================
+ Timing: 
    * Summary: 
    +--------+----------+----------+------------+
    |  Clock |  Target  | Estimated| Uncertainty|
    +--------+----------+----------+------------+
    |ap_clk  |  10.00 ns|  6.912 ns|     2.70 ns|
    +--------+----------+----------+------------+

+ Latency: 
    * Summary: 
    +---------+---------+----------+----------+-----+-----+---------+
    |  Latency (cycles) |  Latency (absolute) |  Interval | Pipeline|
    |   min   |   max   |    min   |    max   | min | max |   Type  |
    +---------+---------+----------+----------+-----+-----+---------+
    |      257|      641|  2.570 us|  6.410 us|  258|  642|       no|
    +---------+---------+----------+----------+-----+-----+---------+

    + Detail: 
        * Instance: 
        N/A

        * Loop: 
        +--------------------+---------+---------+----------+-----------+-----------+------+----------+
        |                    |  Latency (cycles) | Iteration|  Initiation Interval  | Trip |          |
        |      Loop Name     |   min   |   max   |  Latency |  achieved |   target  | Count| Pipelined|
        +--------------------+---------+---------+----------+-----------+-----------+------+----------+
        |- Shift_Accum_Loop  |      256|      640|     2 ~ 5|          -|          -|   128|        no|
        +--------------------+---------+---------+----------+-----------+-----------+------+----------+



================================================================
== Utilization Estimates
================================================================
* Summary: 
+-----------------+---------+-----+--------+-------+-----+
|       Name      | BRAM_18K| DSP |   FF   |  LUT  | URAM|
+-----------------+---------+-----+--------+-------+-----+
|DSP              |        -|    -|       -|      -|    -|
|Expression       |        -|    -|       0|    122|    -|
|FIFO             |        -|    -|       -|      -|    -|
|Instance         |        -|    2|     165|     50|    -|
|Memory           |        2|    -|       0|      0|    0|
|Multiplexer      |        -|    -|       0|    107|    -|
|Register         |        -|    -|     247|      -|    -|
+-----------------+---------+-----+--------+-------+-----+
|Total            |        2|    2|     412|    279|    0|
+-----------------+---------+-----+--------+-------+-----+
|Available        |      280|  220|  106400|  53200|    0|
+-----------------+---------+-----+--------+-------+-----+
|Utilization (%)  |       ~0|   ~0|      ~0|     ~0|    0|
+-----------------+---------+-----+--------+-------+-----+

+ Detail: 
    * Instance: 
    +----------------------+-------------------+---------+----+-----+----+-----+
    |       Instance       |       Module      | BRAM_18K| DSP|  FF | LUT| URAM|
    +----------------------+-------------------+---------+----+-----+----+-----+
    |mul_6s_32s_32_2_1_U1  |mul_6s_32s_32_2_1  |        0|   2|  165|  50|    0|
    +----------------------+-------------------+---------+----+-----+----+-----+
    |Total                 |                   |        0|   2|  165|  50|    0|
    +----------------------+-------------------+---------+----+-----+----+-----+

    * DSP: 
    N/A

    * Memory: 
    +-----------------+---------------------------+---------+---+----+-----+------+-----+------+-------------+
    |      Memory     |           Module          | BRAM_18K| FF| LUT| URAM| Words| Bits| Banks| W*Bits*Banks|
    +-----------------+---------------------------+---------+---+----+-----+------+-----+------+-------------+
    |fir_int_int_c_U  |fir_int_int_c_ROM_AUTO_1R  |        1|  0|   0|    0|   128|   32|     1|         4096|
    |shift_reg_U      |shift_reg_RAM_AUTO_1R1W    |        1|  0|   0|    0|   128|   32|     1|         4096|
    +-----------------+---------------------------+---------+---+----+-----+------+-----+------+-------------+
    |Total            |                           |        2|  0|   0|    0|   256|   64|     2|         8192|
    +-----------------+---------------------------+---------+---+----+-----+------+-----+------+-------------+

    * FIFO: 
    N/A

    * Expression: 
    +---------------------+----------+----+---+----+------------+------------+
    |    Variable Name    | Operation| DSP| FF| LUT| Bitwidth P0| Bitwidth P1|
    +---------------------+----------+----+---+----+------------+------------+
    |acc_1_fu_197_p2      |         +|   0|  0|  39|          32|          32|
    |add_ln33_fu_203_p2   |         +|   0|  0|  15|           8|           2|
    |add_ln39_fu_186_p2   |         +|   0|  0|  14|           7|           2|
    |mul_fu_144_p2        |         +|   0|  0|  39|          32|          32|
    |icmp_ln35_fu_180_p2  |      icmp|   0|  0|  15|           8|           1|
    +---------------------+----------+----+---+----+------------+------------+
    |Total                |          |   0|  0| 122|          87|          69|
    +---------------------+----------+----+---+----+------------+------------+

    * Multiplexer: 
    +---------------------------------+----+-----------+-----+-----------+
    |               Name              | LUT| Input Size| Bits| Total Bits|
    +---------------------------------+----+-----------+-----+-----------+
    |acc_fu_58                        |   9|          2|   32|         64|
    |ap_NS_fsm                        |  37|          7|    1|          7|
    |ap_phi_mux_mul_pn_phi_fu_118_p4  |   9|          2|   32|         64|
    |i_fu_62                          |   9|          2|    8|         16|
    |mul_pn_reg_115                   |   9|          2|   32|         64|
    |shift_reg_address0_local         |  20|          4|    7|         28|
    |shift_reg_d0_local               |  14|          3|   32|         96|
    +---------------------------------+----+-----------+-----+-----------+
    |Total                            | 107|         22|  144|        339|
    +---------------------------------+----+-----------+-----+-----------+

    * Register: 
    +----------------------------+----+----+-----+-----------+
    |            Name            | FF | LUT| Bits| Const Bits|
    +----------------------------+----+----+-----+-----------+
    |acc_fu_58                   |  32|   0|   32|          0|
    |ap_CS_fsm                   |   6|   0|    6|          0|
    |fir_int_int_c_load_reg_272  |  32|   0|   32|          0|
    |i_fu_62                     |   8|   0|    8|          0|
    |icmp_ln35_reg_253           |   1|   0|    1|          0|
    |mul_ln40_reg_277            |  32|   0|   32|          0|
    |mul_pn_reg_115              |  32|   0|   32|          0|
    |mul_reg_237                 |  32|   0|   32|          0|
    |shift_reg_load_reg_267      |  32|   0|   32|          0|
    |x_read_reg_232              |  32|   0|   32|          0|
    |zext_ln33_reg_248           |   8|   0|   64|         56|
    +----------------------------+----+----+-----+-----------+
    |Total                       | 247|   0|  303|         56|
    +----------------------------+----+----+-----+-----------+



================================================================
== Interface
================================================================
* Summary: 
+----------+-----+-----+------------+--------------+--------------+
| RTL Ports| Dir | Bits|  Protocol  | Source Object|    C Type    |
+----------+-----+-----+------------+--------------+--------------+
|ap_clk    |   in|    1|  ap_ctrl_hs|           fir|  return value|
|ap_rst    |   in|    1|  ap_ctrl_hs|           fir|  return value|
|ap_start  |   in|    1|  ap_ctrl_hs|           fir|  return value|
|ap_done   |  out|    1|  ap_ctrl_hs|           fir|  return value|
|ap_idle   |  out|    1|  ap_ctrl_hs|           fir|  return value|
|ap_ready  |  out|    1|  ap_ctrl_hs|           fir|  return value|
|y         |  out|   32|      ap_vld|             y|       pointer|
|y_ap_vld  |  out|    1|      ap_vld|             y|       pointer|
|x         |   in|   32|     ap_none|             x|        scalar|
+----------+-----+-----+------------+--------------+--------------+

